<?xml version="1.0" encoding="UTF-8"?>
<testsuite xmlns:xsi="http://www.w3.org/2001/XMLSchema-instance" xsi:noNamespaceSchemaLocation="https://maven.apache.org/surefire/maven-surefire-plugin/xsd/surefire-test-report.xsd" version="3.0.2" name="com.example.demo.SpacedRepetitionServiceTest" time="0.036" tests="4" errors="0" skipped="0" failures="0">
  <properties>
[...]
</properties>
  <testcase name="testIncorrectReview" classname="com.example.demo.SpacedRepetitionServiceTest" time="0.021"/>
  <testcase name="testMastery" classname="com.example.demo.SpacedRepetitionServiceTest" time="0.002"/>
  <testcase name="testFirstCorrectReview" classname="com.example.demo.SpacedRepetitionServiceTest" time="0.001"/>
  <testcase name="testSecondCorrectReview" classname="com.example.demo.SpacedRepetitionServiceTest" time="0.001"/>
</testsuite>